[0.006s] Invoking command in '/home/ole/Documents/Vortex/ros2_ws/src/valve-detection/build/valve_detection': CMAKE_PREFIX_PATH=/opt/ros/humble /usr/bin/cmake /home/ole/Documents/Vortex/ros2_ws/src/valve-detection -DCMAKE_INSTALL_PREFIX=/home/ole/Documents/Vortex/ros2_ws/src/valve-detection/install/valve_detection
[0.015s] -- Found ament_cmake: 1.3.11 (/opt/ros/humble/share/ament_cmake/cmake)
[0.097s] -- Found cv_bridge: 3.2.1 (/opt/ros/humble/share/cv_bridge/cmake)
[0.117s] -- Found rosidl_generator_c: 3.1.6 (/opt/ros/humble/share/rosidl_generator_c/cmake)
[0.118s] -- Found rosidl_adapter: 3.1.6 (/opt/ros/humble/share/rosidl_adapter/cmake)
[0.122s] -- Found rosidl_generator_cpp: 3.1.6 (/opt/ros/humble/share/rosidl_generator_cpp/cmake)
[0.127s] -- Using all available rosidl_typesupport_c: rosidl_typesupport_fastrtps_c;rosidl_typesupport_introspection_c
[0.135s] -- Using all available rosidl_typesupport_cpp: rosidl_typesupport_fastrtps_cpp;rosidl_typesupport_introspection_cpp
[0.174s] -- Found rclcpp: 16.0.11 (/opt/ros/humble/share/rclcpp/cmake)
[0.188s] -- Found rmw_implementation_cmake: 6.1.2 (/opt/ros/humble/share/rmw_implementation_cmake/cmake)
[0.189s] -- Found rmw_fastrtps_cpp: 6.2.7 (/opt/ros/humble/share/rmw_fastrtps_cpp/cmake)
[0.254s] -- Using RMW implementation 'rmw_fastrtps_cpp' as default
[0.276s] -- Found vision_msgs: 4.1.1 (/opt/ros/humble/share/vision_msgs/cmake)
[0.296s] -- Eigen found (include: /usr/include/eigen3, version: 3.4.0)
[0.320s] -- FLANN found (include: /usr/include, lib: /usr/lib/x86_64-linux-gnu/libflann_cpp.so)
[0.537s] -- OpenNI found (version: 1.5.4.0, include: /usr/include/ni, lib: /usr/lib/libOpenNI.so;libusb::libusb)
[0.542s] -- OpenNI2 found (version: 2.2.0.33, include: /usr/include/openni2, lib: /usr/lib/x86_64-linux-gnu/libOpenNI2.so;libusb::libusb)
[0.542s] [0m** WARNING ** io features related to pcap will be disabled[0m
[0.647s] -- Eigen found (include: /usr/include/eigen3, version: 3.4.0)
[0.653s] -- OpenNI found (version: 1.5.4.0, include: /usr/include/ni, lib: /usr/lib/libOpenNI.so;libusb::libusb)
[0.658s] -- OpenNI2 found (version: 2.2.0.33, include: /usr/include/openni2, lib: /usr/lib/x86_64-linux-gnu/libOpenNI2.so;libusb::libusb)
[0.774s] -- Found Qhull version 8.0.2
[0.892s] -- OpenNI found (version: 1.5.4.0, include: /usr/include/ni, lib: /usr/lib/libOpenNI.so;libusb::libusb)
[0.999s] -- looking for PCL_COMMON
[0.999s] -- looking for PCL_KDTREE
[1.000s] -- looking for PCL_OCTREE
[1.000s] -- looking for PCL_SEARCH
[1.000s] -- looking for PCL_SAMPLE_CONSENSUS
[1.000s] -- looking for PCL_FILTERS
[1.000s] -- looking for PCL_2D
[1.000s] -- looking for PCL_GEOMETRY
[1.001s] -- looking for PCL_IO
[1.001s] -- looking for PCL_FEATURES
[1.001s] -- looking for PCL_ML
[1.001s] -- looking for PCL_SEGMENTATION
[1.001s] -- looking for PCL_VISUALIZATION
[1.002s] -- looking for PCL_SURFACE
[1.002s] -- looking for PCL_REGISTRATION
[1.002s] -- looking for PCL_KEYPOINTS
[1.003s] -- looking for PCL_TRACKING
[1.003s] -- looking for PCL_RECOGNITION
[1.003s] -- looking for PCL_STEREO
[1.003s] -- looking for PCL_APPS
[1.004s] -- looking for PCL_IN_HAND_SCANNER
[1.004s] -- looking for PCL_MODELER
[1.004s] -- looking for PCL_POINT_CLOUD_EDITOR
[1.004s] -- looking for PCL_OUTOFCORE
[1.004s] -- looking for PCL_PEOPLE
[1.005s] -- Found pcl_conversions: 2.4.5 (/opt/ros/humble/share/pcl_conversions/cmake)
[1.026s] [31mCMake Error at CMakeLists.txt:45 (install):
[1.026s]   install TARGETS given target "valve_angle_detection" which does not exist.
[1.026s] 
[1.026s] [0m
[1.026s] -- Found ament_lint_auto: 0.12.11 (/opt/ros/humble/share/ament_lint_auto/cmake)
[1.101s] -- Added test 'cppcheck' to perform static code analysis on C / C++ code
[1.101s] -- Configured cppcheck include dirs: /home/ole/Documents/Vortex/ros2_ws/src/valve-detection/include
[1.101s] -- Configured cppcheck exclude dirs and/or files: 
[1.102s] -- Added test 'flake8' to check Python code syntax and style conventions
[1.103s] -- Added test 'lint_cmake' to check CMake code style
[1.103s] -- Added test 'pep257' to check Python code against some of the docstring style conventions in PEP 257
[1.107s] -- Added test 'uncrustify' to check C / C++ code style
[1.107s] -- Configured uncrustify additional arguments: 
[1.107s] -- Added test 'xmllint' to check XML markup files
[1.108s] -- Configuring incomplete, errors occurred!
[1.108s] See also "/home/ole/Documents/Vortex/ros2_ws/src/valve-detection/build/valve_detection/CMakeFiles/CMakeOutput.log".
[1.125s] Invoked command in '/home/ole/Documents/Vortex/ros2_ws/src/valve-detection/build/valve_detection' returned '1': CMAKE_PREFIX_PATH=/opt/ros/humble /usr/bin/cmake /home/ole/Documents/Vortex/ros2_ws/src/valve-detection -DCMAKE_INSTALL_PREFIX=/home/ole/Documents/Vortex/ros2_ws/src/valve-detection/install/valve_detection
