[0.011s] Invoking command in '/home/ole/Documents/Vortex/ros2_ws/src/valve-detection/build/valve_detection': CMAKE_PREFIX_PATH=/opt/ros/humble /usr/bin/cmake /home/ole/Documents/Vortex/ros2_ws/src/valve-detection -DCMAKE_INSTALL_PREFIX=/home/ole/Documents/Vortex/ros2_ws/src/valve-detection/install/valve_detection
[0.156s] -- The C compiler identification is GNU 11.4.0
[0.283s] -- The CXX compiler identification is GNU 11.4.0
[0.294s] -- Detecting C compiler ABI info
[0.359s] -- Detecting C compiler ABI info - done
[0.365s] -- Check for working C compiler: /usr/bin/cc - skipped
[0.365s] -- Detecting C compile features
[0.366s] -- Detecting C compile features - done
[0.369s] -- Detecting CXX compiler ABI info
[0.444s] -- Detecting CXX compiler ABI info - done
[0.449s] -- Check for working CXX compiler: /usr/bin/c++ - skipped
[0.449s] -- Detecting CXX compile features
[0.449s] -- Detecting CXX compile features - done
[0.452s] -- Found ament_cmake: 1.3.11 (/opt/ros/humble/share/ament_cmake/cmake)
[0.576s] -- Found Python3: /usr/bin/python3 (found version "3.10.12") found components: Interpreter 
[0.664s] -- Found cv_bridge: 3.2.1 (/opt/ros/humble/share/cv_bridge/cmake)
[0.705s] -- Found rosidl_generator_c: 3.1.6 (/opt/ros/humble/share/rosidl_generator_c/cmake)
[0.709s] -- Found rosidl_adapter: 3.1.6 (/opt/ros/humble/share/rosidl_adapter/cmake)
[0.715s] -- Found rosidl_generator_cpp: 3.1.6 (/opt/ros/humble/share/rosidl_generator_cpp/cmake)
[0.727s] -- Using all available rosidl_typesupport_c: rosidl_typesupport_fastrtps_c;rosidl_typesupport_introspection_c
[0.743s] -- Using all available rosidl_typesupport_cpp: rosidl_typesupport_fastrtps_cpp;rosidl_typesupport_introspection_cpp
[0.797s] -- Found rclcpp: 16.0.11 (/opt/ros/humble/share/rclcpp/cmake)
[0.837s] -- Found rmw_implementation_cmake: 6.1.2 (/opt/ros/humble/share/rmw_implementation_cmake/cmake)
[0.839s] -- Found rmw_fastrtps_cpp: 6.2.7 (/opt/ros/humble/share/rmw_fastrtps_cpp/cmake)
[0.964s] -- Found OpenSSL: /usr/lib/x86_64-linux-gnu/libcrypto.so (found version "3.0.2")  
[0.984s] -- Found FastRTPS: /opt/ros/humble/include  
[1.011s] -- Using RMW implementation 'rmw_fastrtps_cpp' as default
[1.019s] -- Looking for pthread.h
[1.085s] -- Looking for pthread.h - found
[1.086s] -- Performing Test CMAKE_HAVE_LIBC_PTHREAD
[1.151s] -- Performing Test CMAKE_HAVE_LIBC_PTHREAD - Success
[1.153s] -- Found Threads: TRUE  
[1.193s] -- Found vision_msgs: 4.1.1 (/opt/ros/humble/share/vision_msgs/cmake)
[1.207s] -- Found OpenCV: /usr (found version "4.5.4") 
[1.220s] -- Checking for module 'eigen3'
[1.234s] --   Found eigen3, version 3.4.0
[1.271s] -- Found Eigen: /usr/include/eigen3 (Required is at least version "3.1") 
[1.271s] -- Eigen found (include: /usr/include/eigen3, version: 3.4.0)
[1.296s] -- Found Boost: /usr/lib/x86_64-linux-gnu/cmake/Boost-1.74.0/BoostConfig.cmake (found suitable version "1.74.0", minimum required is "1.65.0") found components: system filesystem date_time iostreams serialization 
[1.307s] -- Checking for module 'flann'
[1.319s] --   Found flann, version 1.9.1
[1.357s] -- Found FLANN: /usr/lib/x86_64-linux-gnu/libflann_cpp.so  
[1.357s] -- FLANN found (include: /usr/include, lib: /usr/lib/x86_64-linux-gnu/libflann_cpp.so)
[1.384s] -- Found GLEW: /usr/lib/x86_64-linux-gnu/libGLEW.so  
[1.389s] -- Found OpenGL: /usr/lib/x86_64-linux-gnu/libOpenGL.so  found components: OpenGL GLX 
[1.530s] -- Found MPI_C: /usr/lib/x86_64-linux-gnu/libmpi.so (found version "3.1") 
[1.530s] -- Found MPI: TRUE (found version "3.1") found components: C 
[1.533s] -- Found JsonCpp: /usr/lib/x86_64-linux-gnu/libjsoncpp.so (found suitable version "1.9.5", minimum required is "0.7.0") 
[1.541s] -- Found ZLIB: /usr/lib/x86_64-linux-gnu/libz.so (found version "1.2.11") 
[1.553s] -- Found PNG: /usr/lib/x86_64-linux-gnu/libpng.so (found version "1.6.37") 
[1.569s] -- Found Eigen3: /usr/include/eigen3 (found version "3.4.0") 
[1.644s] -- Found X11: /usr/include   
[1.645s] -- Looking for XOpenDisplay in /usr/lib/x86_64-linux-gnu/libX11.so;/usr/lib/x86_64-linux-gnu/libXext.so
[1.710s] -- Looking for XOpenDisplay in /usr/lib/x86_64-linux-gnu/libX11.so;/usr/lib/x86_64-linux-gnu/libXext.so - found
[1.710s] -- Looking for gethostbyname
[1.768s] -- Looking for gethostbyname - found
[1.768s] -- Looking for connect
[1.824s] -- Looking for connect - found
[1.824s] -- Looking for remove
[1.894s] -- Looking for remove - found
[1.895s] -- Looking for shmat
[1.957s] -- Looking for shmat - found
[1.957s] -- Looking for IceConnectionNumber in ICE
[2.012s] -- Looking for IceConnectionNumber in ICE - found
[2.092s] -- Found EXPAT: /usr/lib/x86_64-linux-gnu/libexpat.so (found version "2.4.7") 
[2.095s] -- Found double-conversion: /usr/lib/x86_64-linux-gnu/libdouble-conversion.so  
[2.097s] -- Found LZ4: /usr/lib/x86_64-linux-gnu/liblz4.so (found version "1.9.3") 
[2.099s] -- Found LZMA: /usr/lib/x86_64-linux-gnu/liblzma.so (found version "5.4.1") 
[2.107s] -- Found JPEG: /usr/lib/x86_64-linux-gnu/libjpeg.so (found version "80") 
[2.112s] -- Found TIFF: /usr/lib/x86_64-linux-gnu/libtiff.so (found version "4.3.0")  
[2.114s] -- Found Freetype: /usr/lib/x86_64-linux-gnu/libfreetype.so (found version "2.11.1") 
[2.120s] -- Found utf8cpp: /usr/include/utf8cpp  
[2.196s] -- Checking for module 'libusb-1.0'
[2.215s] --   Found libusb-1.0, version 1.0.25
[2.259s] -- Found libusb: /usr/lib/x86_64-linux-gnu/libusb-1.0.so  
[2.260s] -- Found OpenNI: /usr/lib/libOpenNI.so;libusb::libusb (found version "1.5.4.0") 
[2.260s] -- OpenNI found (version: 1.5.4.0, include: /usr/include/ni, lib: /usr/lib/libOpenNI.so;libusb::libusb)
[2.313s] -- Found OpenNI2: /usr/lib/x86_64-linux-gnu/libOpenNI2.so;libusb::libusb (found version "2.2.0.33") 
[2.313s] -- OpenNI2 found (version: 2.2.0.33, include: /usr/include/openni2, lib: /usr/lib/x86_64-linux-gnu/libOpenNI2.so;libusb::libusb)
[2.313s] [0m** WARNING ** io features related to pcap will be disabled[0m
[2.423s] -- Eigen found (include: /usr/include/eigen3, version: 3.4.0)
[2.428s] -- OpenNI found (version: 1.5.4.0, include: /usr/include/ni, lib: /usr/lib/libOpenNI.so;libusb::libusb)
[2.435s] -- OpenNI2 found (version: 2.2.0.33, include: /usr/include/openni2, lib: /usr/lib/x86_64-linux-gnu/libOpenNI2.so;libusb::libusb)
[2.543s] -- Found Qhull version 8.0.2
[2.655s] -- OpenNI found (version: 1.5.4.0, include: /usr/include/ni, lib: /usr/lib/libOpenNI.so;libusb::libusb)
[2.757s] -- looking for PCL_COMMON
[2.757s] -- Found PCL_COMMON: /usr/lib/x86_64-linux-gnu/libpcl_common.so  
[2.758s] -- looking for PCL_KDTREE
[2.758s] -- Found PCL_KDTREE: /usr/lib/x86_64-linux-gnu/libpcl_kdtree.so  
[2.758s] -- looking for PCL_OCTREE
[2.758s] -- Found PCL_OCTREE: /usr/lib/x86_64-linux-gnu/libpcl_octree.so  
[2.758s] -- looking for PCL_SEARCH
[2.759s] -- Found PCL_SEARCH: /usr/lib/x86_64-linux-gnu/libpcl_search.so  
[2.759s] -- looking for PCL_SAMPLE_CONSENSUS
[2.759s] -- Found PCL_SAMPLE_CONSENSUS: /usr/lib/x86_64-linux-gnu/libpcl_sample_consensus.so  
[2.760s] -- looking for PCL_FILTERS
[2.760s] -- Found PCL_FILTERS: /usr/lib/x86_64-linux-gnu/libpcl_filters.so  
[2.760s] -- looking for PCL_2D
[2.760s] -- Found PCL_2D: /usr/include/pcl-1.12  
[2.760s] -- looking for PCL_GEOMETRY
[2.760s] -- Found PCL_GEOMETRY: /usr/include/pcl-1.12  
[2.760s] -- looking for PCL_IO
[2.761s] -- Found PCL_IO: /usr/lib/x86_64-linux-gnu/libpcl_io.so  
[2.761s] -- looking for PCL_FEATURES
[2.761s] -- Found PCL_FEATURES: /usr/lib/x86_64-linux-gnu/libpcl_features.so  
[2.761s] -- looking for PCL_ML
[2.762s] -- Found PCL_ML: /usr/lib/x86_64-linux-gnu/libpcl_ml.so  
[2.762s] -- looking for PCL_SEGMENTATION
[2.763s] -- Found PCL_SEGMENTATION: /usr/lib/x86_64-linux-gnu/libpcl_segmentation.so  
[2.764s] -- looking for PCL_VISUALIZATION
[2.764s] -- Found PCL_VISUALIZATION: /usr/lib/x86_64-linux-gnu/libpcl_visualization.so  
[2.764s] -- looking for PCL_SURFACE
[2.764s] -- Found PCL_SURFACE: /usr/lib/x86_64-linux-gnu/libpcl_surface.so  
[2.765s] -- looking for PCL_REGISTRATION
[2.765s] -- Found PCL_REGISTRATION: /usr/lib/x86_64-linux-gnu/libpcl_registration.so  
[2.765s] -- looking for PCL_KEYPOINTS
[2.766s] -- Found PCL_KEYPOINTS: /usr/lib/x86_64-linux-gnu/libpcl_keypoints.so  
[2.766s] -- looking for PCL_TRACKING
[2.766s] -- Found PCL_TRACKING: /usr/lib/x86_64-linux-gnu/libpcl_tracking.so  
[2.766s] -- looking for PCL_RECOGNITION
[2.767s] -- Found PCL_RECOGNITION: /usr/lib/x86_64-linux-gnu/libpcl_recognition.so  
[2.767s] -- looking for PCL_STEREO
[2.767s] -- Found PCL_STEREO: /usr/lib/x86_64-linux-gnu/libpcl_stereo.so  
[2.768s] -- looking for PCL_APPS
[2.768s] -- Found PCL_APPS: /usr/lib/x86_64-linux-gnu/libpcl_apps.so  
[2.768s] -- looking for PCL_IN_HAND_SCANNER
[2.768s] -- Found PCL_IN_HAND_SCANNER: /usr/include/pcl-1.12  
[2.769s] -- looking for PCL_MODELER
[2.769s] -- Found PCL_MODELER: /usr/include/pcl-1.12  
[2.769s] -- looking for PCL_POINT_CLOUD_EDITOR
[2.769s] -- Found PCL_POINT_CLOUD_EDITOR: /usr/include/pcl-1.12  
[2.769s] -- looking for PCL_OUTOFCORE
[2.770s] -- Found PCL_OUTOFCORE: /usr/lib/x86_64-linux-gnu/libpcl_outofcore.so  
[2.770s] -- looking for PCL_PEOPLE
[2.770s] -- Found PCL_PEOPLE: /usr/lib/x86_64-linux-gnu/libpcl_people.so  
[2.771s] -- Found PCL: pcl_common;pcl_kdtree;pcl_octree;pcl_search;pcl_sample_consensus;pcl_filters;pcl_io;pcl_features;pcl_ml;pcl_segmentation;pcl_visualization;pcl_surface;pcl_registration;pcl_keypoints;pcl_tracking;pcl_recognition;pcl_stereo;pcl_apps;pcl_outofcore;pcl_people;Boost::system;Boost::filesystem;Boost::date_time;Boost::iostreams;Boost::serialization;/usr/lib/libOpenNI.so;libusb::libusb;/usr/lib/x86_64-linux-gnu/libOpenNI2.so;libusb::libusb;VTK::ChartsCore;VTK::CommonColor;VTK::CommonComputationalGeometry;VTK::CommonCore;VTK::CommonDataModel;VTK::CommonExecutionModel;VTK::CommonMath;VTK::CommonMisc;VTK::CommonTransforms;VTK::FiltersCore;VTK::FiltersExtraction;VTK::FiltersGeneral;VTK::FiltersGeometry;VTK::FiltersModeling;VTK::FiltersSources;VTK::ImagingCore;VTK::ImagingSources;VTK::InteractionImage;VTK::InteractionStyle;VTK::InteractionWidgets;VTK::IOCore;VTK::IOGeometry;VTK::IOImage;VTK::IOLegacy;VTK::IOPLY;VTK::RenderingAnnotation;VTK::RenderingCore;VTK::RenderingContext2D;VTK::RenderingLOD;VTK::RenderingFreeType;VTK::ViewsCore;VTK::ViewsContext2D;VTK::RenderingOpenGL2;VTK::GUISupportQt;FLANN::FLANN;QHULL::QHULL  
[2.774s] -- Found pcl_conversions: 2.4.5 (/opt/ros/humble/share/pcl_conversions/cmake)
[2.812s] -- Found ament_lint_auto: 0.12.11 (/opt/ros/humble/share/ament_lint_auto/cmake)
[2.896s] -- Added test 'cppcheck' to perform static code analysis on C / C++ code
[2.896s] -- Configured cppcheck include dirs: 
[2.896s] -- Configured cppcheck exclude dirs and/or files: 
[2.898s] -- Added test 'lint_cmake' to check CMake code style
[2.903s] -- Added test 'uncrustify' to check C / C++ code style
[2.903s] -- Configured uncrustify additional arguments: 
[2.904s] -- Added test 'xmllint' to check XML markup files
[2.905s] -- Configuring done
[2.911s] [31mCMake Error at CMakeLists.txt:21 (add_executable):
[2.911s]   Cannot find source file:
[2.911s] 
[2.911s]     src/valve_angle_detection.cpp
[2.911s] 
[2.911s]   Tried extensions .c .C .c++ .cc .cpp .cxx .cu .mpp .m .M .mm .ixx .cppm .h
[2.911s]   .hh .h++ .hm .hpp .hxx .in .txx .f .F .for .f77 .f90 .f95 .f03 .hip .ispc
[2.911s] 
[2.911s] [0m
[2.914s] [31mCMake Error at CMakeLists.txt:21 (add_executable):
[2.914s]   No SOURCES given to target: valve_angle_detection
[2.914s] 
[2.914s] [0m
[2.914s] [0mCMake Generate step failed.  Build files cannot be regenerated correctly.[0m
[2.928s] Invoked command in '/home/ole/Documents/Vortex/ros2_ws/src/valve-detection/build/valve_detection' returned '1': CMAKE_PREFIX_PATH=/opt/ros/humble /usr/bin/cmake /home/ole/Documents/Vortex/ros2_ws/src/valve-detection -DCMAKE_INSTALL_PREFIX=/home/ole/Documents/Vortex/ros2_ws/src/valve-detection/install/valve_detection
