[0.006s] Invoking command in '/home/ole/Documents/Vortex/ros2_ws/src/valve-detection/build/valve_detection': CMAKE_PREFIX_PATH=/opt/ros/humble /usr/bin/cmake /home/ole/Documents/Vortex/ros2_ws/src/valve-detection -DCMAKE_INSTALL_PREFIX=/home/ole/Documents/Vortex/ros2_ws/src/valve-detection/install/valve_detection
[0.016s] -- Found ament_cmake: 1.3.11 (/opt/ros/humble/share/ament_cmake/cmake)
[0.101s] -- Found cv_bridge: 3.2.1 (/opt/ros/humble/share/cv_bridge/cmake)
[0.119s] -- Found rosidl_generator_c: 3.1.6 (/opt/ros/humble/share/rosidl_generator_c/cmake)
[0.120s] -- Found rosidl_adapter: 3.1.6 (/opt/ros/humble/share/rosidl_adapter/cmake)
[0.123s] -- Found rosidl_generator_cpp: 3.1.6 (/opt/ros/humble/share/rosidl_generator_cpp/cmake)
[0.128s] -- Using all available rosidl_typesupport_c: rosidl_typesupport_fastrtps_c;rosidl_typesupport_introspection_c
[0.135s] -- Using all available rosidl_typesupport_cpp: rosidl_typesupport_fastrtps_cpp;rosidl_typesupport_introspection_cpp
[0.166s] -- Found rclcpp: 16.0.11 (/opt/ros/humble/share/rclcpp/cmake)
[0.179s] -- Found rmw_implementation_cmake: 6.1.2 (/opt/ros/humble/share/rmw_implementation_cmake/cmake)
[0.180s] -- Found rmw_fastrtps_cpp: 6.2.7 (/opt/ros/humble/share/rmw_fastrtps_cpp/cmake)
[0.245s] -- Using RMW implementation 'rmw_fastrtps_cpp' as default
[0.266s] -- Found vision_msgs: 4.1.1 (/opt/ros/humble/share/vision_msgs/cmake)
[0.284s] -- Eigen found (include: /usr/include/eigen3, version: 3.4.0)
[0.305s] -- FLANN found (include: /usr/include, lib: /usr/lib/x86_64-linux-gnu/libflann_cpp.so)
[0.503s] -- OpenNI found (version: 1.5.4.0, include: /usr/include/ni, lib: /usr/lib/libOpenNI.so;libusb::libusb)
[0.508s] -- OpenNI2 found (version: 2.2.0.33, include: /usr/include/openni2, lib: /usr/lib/x86_64-linux-gnu/libOpenNI2.so;libusb::libusb)
[0.508s] [0m** WARNING ** io features related to pcap will be disabled[0m
[0.622s] -- Eigen found (include: /usr/include/eigen3, version: 3.4.0)
[0.628s] -- OpenNI found (version: 1.5.4.0, include: /usr/include/ni, lib: /usr/lib/libOpenNI.so;libusb::libusb)
[0.635s] -- OpenNI2 found (version: 2.2.0.33, include: /usr/include/openni2, lib: /usr/lib/x86_64-linux-gnu/libOpenNI2.so;libusb::libusb)
[0.731s] -- Found Qhull version 8.0.2
[0.834s] -- OpenNI found (version: 1.5.4.0, include: /usr/include/ni, lib: /usr/lib/libOpenNI.so;libusb::libusb)
[0.929s] -- looking for PCL_COMMON
[0.929s] -- looking for PCL_KDTREE
[0.929s] -- looking for PCL_OCTREE
[0.930s] -- looking for PCL_SEARCH
[0.930s] -- looking for PCL_SAMPLE_CONSENSUS
[0.930s] -- looking for PCL_FILTERS
[0.930s] -- looking for PCL_2D
[0.930s] -- looking for PCL_GEOMETRY
[0.930s] -- looking for PCL_IO
[0.931s] -- looking for PCL_FEATURES
[0.931s] -- looking for PCL_ML
[0.931s] -- looking for PCL_SEGMENTATION
[0.931s] -- looking for PCL_VISUALIZATION
[0.932s] -- looking for PCL_SURFACE
[0.932s] -- looking for PCL_REGISTRATION
[0.932s] -- looking for PCL_KEYPOINTS
[0.932s] -- looking for PCL_TRACKING
[0.933s] -- looking for PCL_RECOGNITION
[0.933s] -- looking for PCL_STEREO
[0.933s] -- looking for PCL_APPS
[0.934s] -- looking for PCL_IN_HAND_SCANNER
[0.934s] -- looking for PCL_MODELER
[0.934s] -- looking for PCL_POINT_CLOUD_EDITOR
[0.934s] -- looking for PCL_OUTOFCORE
[0.934s] -- looking for PCL_PEOPLE
[0.935s] -- Found pcl_conversions: 2.4.5 (/opt/ros/humble/share/pcl_conversions/cmake)
[0.954s] -- Found ament_lint_auto: 0.12.11 (/opt/ros/humble/share/ament_lint_auto/cmake)
[1.028s] -- Added test 'cppcheck' to perform static code analysis on C / C++ code
[1.028s] -- Configured cppcheck include dirs: /home/ole/Documents/Vortex/ros2_ws/src/valve-detection/include
[1.028s] -- Configured cppcheck exclude dirs and/or files: 
[1.029s] -- Added test 'flake8' to check Python code syntax and style conventions
[1.030s] -- Added test 'lint_cmake' to check CMake code style
[1.030s] -- Added test 'pep257' to check Python code against some of the docstring style conventions in PEP 257
[1.035s] -- Added test 'uncrustify' to check C / C++ code style
[1.035s] -- Configured uncrustify additional arguments: 
[1.035s] -- Added test 'xmllint' to check XML markup files
[1.036s] -- Configuring done
[1.144s] -- Generating done
[1.155s] -- Build files have been written to: /home/ole/Documents/Vortex/ros2_ws/src/valve-detection/build/valve_detection
[1.173s] Invoked command in '/home/ole/Documents/Vortex/ros2_ws/src/valve-detection/build/valve_detection' returned '0': CMAKE_PREFIX_PATH=/opt/ros/humble /usr/bin/cmake /home/ole/Documents/Vortex/ros2_ws/src/valve-detection -DCMAKE_INSTALL_PREFIX=/home/ole/Documents/Vortex/ros2_ws/src/valve-detection/install/valve_detection
[1.174s] Invoking command in '/home/ole/Documents/Vortex/ros2_ws/src/valve-detection/build/valve_detection': CMAKE_PREFIX_PATH=/opt/ros/humble /usr/bin/cmake --build /home/ole/Documents/Vortex/ros2_ws/src/valve-detection/build/valve_detection -- -j16 -l16
[1.228s] [ 50%] [32mBuilding CXX object CMakeFiles/valve_detection.dir/src/valve_detection.cpp.o[0m
[5.004s] [01m[K/home/ole/Documents/Vortex/ros2_ws/src/valve-detection/src/valve_detection.cpp:3:7:[m[K [01;31m[Kerror: [m[Kredefinition of ‘[01m[Kclass DetectionImageProcessor[m[K’
[5.004s]     3 | class [01;31m[KDetectionImageProcessor[m[K : public rclcpp::Node
[5.004s]       |       [01;31m[K^~~~~~~~~~~~~~~~~~~~~~~[m[K
[5.004s] In file included from [01m[K/home/ole/Documents/Vortex/ros2_ws/src/valve-detection/src/valve_detection.cpp:1[m[K:
[5.004s] [01m[K/home/ole/Documents/Vortex/ros2_ws/src/valve-detection/include/valve_detection/valve_detection.hpp:36:7:[m[K [01;36m[Knote: [m[Kprevious definition of ‘[01m[Kclass DetectionImageProcessor[m[K’
[5.004s]    36 | class [01;36m[KDetectionImageProcessor[m[K : public rclcpp::Node
[5.004s]       |       [01;36m[K^~~~~~~~~~~~~~~~~~~~~~~[m[K
[6.135s] gmake[2]: *** [CMakeFiles/valve_detection.dir/build.make:76: CMakeFiles/valve_detection.dir/src/valve_detection.cpp.o] Error 1
[6.136s] gmake[1]: *** [CMakeFiles/Makefile2:137: CMakeFiles/valve_detection.dir/all] Error 2
[6.136s] gmake: *** [Makefile:146: all] Error 2
[6.138s] Invoked command in '/home/ole/Documents/Vortex/ros2_ws/src/valve-detection/build/valve_detection' returned '2': CMAKE_PREFIX_PATH=/opt/ros/humble /usr/bin/cmake --build /home/ole/Documents/Vortex/ros2_ws/src/valve-detection/build/valve_detection -- -j16 -l16
