[35m[1mConsolidate compiler generated dependencies of target valve_detection[0m
[ 50%] [32mBuilding CXX object CMakeFiles/valve_detection.dir/src/valve_detection.cpp.o[0m
[100%] [32m[1mLinking CXX executable valve_detection[0m
[100%] Built target valve_detection
-- Install configuration: ""
-- Installing: /home/ole/Documents/Vortex/ros2_ws/src/valve-detection/install/valve_detection/lib/valve_detection/valve_detection
-- Set runtime path of "/home/ole/Documents/Vortex/ros2_ws/src/valve-detection/install/valve_detection/lib/valve_detection/valve_detection" to ""
-- Installing: /home/ole/Documents/Vortex/ros2_ws/src/valve-detection/install/valve_detection/share/ament_index/resource_index/package_run_dependencies/valve_detection
-- Installing: /home/ole/Documents/Vortex/ros2_ws/src/valve-detection/install/valve_detection/share/ament_index/resource_index/parent_prefix_path/valve_detection
-- Installing: /home/ole/Documents/Vortex/ros2_ws/src/valve-detection/install/valve_detection/share/valve_detection/environment/ament_prefix_path.sh
-- Installing: /home/ole/Documents/Vortex/ros2_ws/src/valve-detection/install/valve_detection/share/valve_detection/environment/ament_prefix_path.dsv
-- Installing: /home/ole/Documents/Vortex/ros2_ws/src/valve-detection/install/valve_detection/share/valve_detection/environment/path.sh
-- Installing: /home/ole/Documents/Vortex/ros2_ws/src/valve-detection/install/valve_detection/share/valve_detection/environment/path.dsv
-- Installing: /home/ole/Documents/Vortex/ros2_ws/src/valve-detection/install/valve_detection/share/valve_detection/local_setup.bash
-- Installing: /home/ole/Documents/Vortex/ros2_ws/src/valve-detection/install/valve_detection/share/valve_detection/local_setup.sh
-- Installing: /home/ole/Documents/Vortex/ros2_ws/src/valve-detection/install/valve_detection/share/valve_detection/local_setup.zsh
-- Installing: /home/ole/Documents/Vortex/ros2_ws/src/valve-detection/install/valve_detection/share/valve_detection/local_setup.dsv
-- Installing: /home/ole/Documents/Vortex/ros2_ws/src/valve-detection/install/valve_detection/share/valve_detection/package.dsv
-- Installing: /home/ole/Documents/Vortex/ros2_ws/src/valve-detection/install/valve_detection/share/ament_index/resource_index/packages/valve_detection
-- Installing: /home/ole/Documents/Vortex/ros2_ws/src/valve-detection/install/valve_detection/share/valve_detection/cmake/valve_detectionConfig.cmake
-- Installing: /home/ole/Documents/Vortex/ros2_ws/src/valve-detection/install/valve_detection/share/valve_detection/cmake/valve_detectionConfig-version.cmake
-- Installing: /home/ole/Documents/Vortex/ros2_ws/src/valve-detection/install/valve_detection/share/valve_detection/package.xml
