[0.020s] Invoking command in '/home/ole/Documents/Vortex/ros2_ws/src/valve-detection/build/valve_detection': CMAKE_PREFIX_PATH=/opt/ros/humble /usr/bin/cmake --build /home/ole/Documents/Vortex/ros2_ws/src/valve-detection/build/valve_detection -- -j16 -l16
[0.108s] [35m[1mConsolidate compiler generated dependencies of target valve_detection[0m
[0.150s] [ 50%] [32mBuilding CXX object CMakeFiles/valve_detection.dir/src/valve_detection.cpp.o[0m
[27.962s] [100%] [32m[1mLinking CXX executable valve_detection[0m
[32.704s] [100%] Built target valve_detection
[32.715s] Invoked command in '/home/ole/Documents/Vortex/ros2_ws/src/valve-detection/build/valve_detection' returned '0': CMAKE_PREFIX_PATH=/opt/ros/humble /usr/bin/cmake --build /home/ole/Documents/Vortex/ros2_ws/src/valve-detection/build/valve_detection -- -j16 -l16
[32.729s] Invoking command in '/home/ole/Documents/Vortex/ros2_ws/src/valve-detection/build/valve_detection': CMAKE_PREFIX_PATH=/opt/ros/humble /usr/bin/cmake --install /home/ole/Documents/Vortex/ros2_ws/src/valve-detection/build/valve_detection
[32.740s] -- Install configuration: ""
[32.740s] -- Installing: /home/ole/Documents/Vortex/ros2_ws/src/valve-detection/install/valve_detection/lib/valve_detection/valve_detection
[32.747s] -- Set runtime path of "/home/ole/Documents/Vortex/ros2_ws/src/valve-detection/install/valve_detection/lib/valve_detection/valve_detection" to ""
[32.747s] -- Up-to-date: /home/ole/Documents/Vortex/ros2_ws/src/valve-detection/install/valve_detection/share/ament_index/resource_index/package_run_dependencies/valve_detection
[32.747s] -- Up-to-date: /home/ole/Documents/Vortex/ros2_ws/src/valve-detection/install/valve_detection/share/ament_index/resource_index/parent_prefix_path/valve_detection
[32.748s] -- Up-to-date: /home/ole/Documents/Vortex/ros2_ws/src/valve-detection/install/valve_detection/share/valve_detection/environment/ament_prefix_path.sh
[32.748s] -- Up-to-date: /home/ole/Documents/Vortex/ros2_ws/src/valve-detection/install/valve_detection/share/valve_detection/environment/ament_prefix_path.dsv
[32.748s] -- Up-to-date: /home/ole/Documents/Vortex/ros2_ws/src/valve-detection/install/valve_detection/share/valve_detection/environment/path.sh
[32.748s] -- Up-to-date: /home/ole/Documents/Vortex/ros2_ws/src/valve-detection/install/valve_detection/share/valve_detection/environment/path.dsv
[32.748s] -- Up-to-date: /home/ole/Documents/Vortex/ros2_ws/src/valve-detection/install/valve_detection/share/valve_detection/local_setup.bash
[32.748s] -- Up-to-date: /home/ole/Documents/Vortex/ros2_ws/src/valve-detection/install/valve_detection/share/valve_detection/local_setup.sh
[32.748s] -- Up-to-date: /home/ole/Documents/Vortex/ros2_ws/src/valve-detection/install/valve_detection/share/valve_detection/local_setup.zsh
[32.748s] -- Up-to-date: /home/ole/Documents/Vortex/ros2_ws/src/valve-detection/install/valve_detection/share/valve_detection/local_setup.dsv
[32.748s] -- Installing: /home/ole/Documents/Vortex/ros2_ws/src/valve-detection/install/valve_detection/share/valve_detection/package.dsv
[32.748s] -- Up-to-date: /home/ole/Documents/Vortex/ros2_ws/src/valve-detection/install/valve_detection/share/ament_index/resource_index/packages/valve_detection
[32.748s] -- Up-to-date: /home/ole/Documents/Vortex/ros2_ws/src/valve-detection/install/valve_detection/share/valve_detection/cmake/valve_detectionConfig.cmake
[32.748s] -- Up-to-date: /home/ole/Documents/Vortex/ros2_ws/src/valve-detection/install/valve_detection/share/valve_detection/cmake/valve_detectionConfig-version.cmake
[32.748s] -- Up-to-date: /home/ole/Documents/Vortex/ros2_ws/src/valve-detection/install/valve_detection/share/valve_detection/package.xml
[32.750s] Invoked command in '/home/ole/Documents/Vortex/ros2_ws/src/valve-detection/build/valve_detection' returned '0': CMAKE_PREFIX_PATH=/opt/ros/humble /usr/bin/cmake --install /home/ole/Documents/Vortex/ros2_ws/src/valve-detection/build/valve_detection
