[0.006s] Invoking command in '/home/ole/Documents/Vortex/ros2_ws/src/valve-detection/build/valve_detection': CMAKE_PREFIX_PATH=/opt/ros/humble /usr/bin/cmake /home/ole/Documents/Vortex/ros2_ws/src/valve-detection -DCMAKE_INSTALL_PREFIX=/home/ole/Documents/Vortex/ros2_ws/src/valve-detection/install/valve_detection
[0.013s] -- Found ament_cmake: 1.3.11 (/opt/ros/humble/share/ament_cmake/cmake)
[0.091s] -- Found cv_bridge: 3.2.1 (/opt/ros/humble/share/cv_bridge/cmake)
[0.109s] -- Found rosidl_generator_c: 3.1.6 (/opt/ros/humble/share/rosidl_generator_c/cmake)
[0.110s] -- Found rosidl_adapter: 3.1.6 (/opt/ros/humble/share/rosidl_adapter/cmake)
[0.114s] -- Found rosidl_generator_cpp: 3.1.6 (/opt/ros/humble/share/rosidl_generator_cpp/cmake)
[0.119s] -- Using all available rosidl_typesupport_c: rosidl_typesupport_fastrtps_c;rosidl_typesupport_introspection_c
[0.126s] -- Using all available rosidl_typesupport_cpp: rosidl_typesupport_fastrtps_cpp;rosidl_typesupport_introspection_cpp
[0.157s] -- Found rclcpp: 16.0.11 (/opt/ros/humble/share/rclcpp/cmake)
[0.171s] -- Found rmw_implementation_cmake: 6.1.2 (/opt/ros/humble/share/rmw_implementation_cmake/cmake)
[0.172s] -- Found rmw_fastrtps_cpp: 6.2.7 (/opt/ros/humble/share/rmw_fastrtps_cpp/cmake)
[0.239s] -- Using RMW implementation 'rmw_fastrtps_cpp' as default
[0.264s] -- Found vision_msgs: 4.1.1 (/opt/ros/humble/share/vision_msgs/cmake)
[0.283s] -- Eigen found (include: /usr/include/eigen3, version: 3.4.0)
[0.309s] -- FLANN found (include: /usr/include, lib: /usr/lib/x86_64-linux-gnu/libflann_cpp.so)
[0.511s] -- OpenNI found (version: 1.5.4.0, include: /usr/include/ni, lib: /usr/lib/libOpenNI.so;libusb::libusb)
[0.516s] -- OpenNI2 found (version: 2.2.0.33, include: /usr/include/openni2, lib: /usr/lib/x86_64-linux-gnu/libOpenNI2.so;libusb::libusb)
[0.516s] [0m** WARNING ** io features related to pcap will be disabled[0m
[0.618s] -- Eigen found (include: /usr/include/eigen3, version: 3.4.0)
[0.623s] -- OpenNI found (version: 1.5.4.0, include: /usr/include/ni, lib: /usr/lib/libOpenNI.so;libusb::libusb)
[0.629s] -- OpenNI2 found (version: 2.2.0.33, include: /usr/include/openni2, lib: /usr/lib/x86_64-linux-gnu/libOpenNI2.so;libusb::libusb)
[0.720s] -- Found Qhull version 8.0.2
[0.811s] -- OpenNI found (version: 1.5.4.0, include: /usr/include/ni, lib: /usr/lib/libOpenNI.so;libusb::libusb)
[0.904s] -- looking for PCL_COMMON
[0.904s] -- looking for PCL_KDTREE
[0.904s] -- looking for PCL_OCTREE
[0.905s] -- looking for PCL_SEARCH
[0.905s] -- looking for PCL_SAMPLE_CONSENSUS
[0.905s] -- looking for PCL_FILTERS
[0.905s] -- looking for PCL_2D
[0.905s] -- looking for PCL_GEOMETRY
[0.905s] -- looking for PCL_IO
[0.905s] -- looking for PCL_FEATURES
[0.906s] -- looking for PCL_ML
[0.906s] -- looking for PCL_SEGMENTATION
[0.906s] -- looking for PCL_VISUALIZATION
[0.906s] -- looking for PCL_SURFACE
[0.907s] -- looking for PCL_REGISTRATION
[0.907s] -- looking for PCL_KEYPOINTS
[0.907s] -- looking for PCL_TRACKING
[0.907s] -- looking for PCL_RECOGNITION
[0.907s] -- looking for PCL_STEREO
[0.908s] -- looking for PCL_APPS
[0.908s] -- looking for PCL_IN_HAND_SCANNER
[0.908s] -- looking for PCL_MODELER
[0.908s] -- looking for PCL_POINT_CLOUD_EDITOR
[0.909s] -- looking for PCL_OUTOFCORE
[0.909s] -- looking for PCL_PEOPLE
[0.910s] -- Found pcl_conversions: 2.4.5 (/opt/ros/humble/share/pcl_conversions/cmake)
[0.923s] -- Configuring incomplete, errors occurred!
[0.924s] See also "/home/ole/Documents/Vortex/ros2_ws/src/valve-detection/build/valve_detection/CMakeFiles/CMakeOutput.log".
[0.924s] [31mCMake Error at /opt/ros/humble/share/ament_cmake_target_dependencies/cmake/ament_target_dependencies.cmake:42 (message):
[0.924s]   ament_target_dependencies() the first argument must be a valid target name
[0.924s] Call Stack (most recent call first):
[0.924s]   CMakeLists.txt:27 (ament_target_dependencies)
[0.924s] 
[0.924s] [0m
[0.933s] Invoked command in '/home/ole/Documents/Vortex/ros2_ws/src/valve-detection/build/valve_detection' returned '1': CMAKE_PREFIX_PATH=/opt/ros/humble /usr/bin/cmake /home/ole/Documents/Vortex/ros2_ws/src/valve-detection -DCMAKE_INSTALL_PREFIX=/home/ole/Documents/Vortex/ros2_ws/src/valve-detection/install/valve_detection
