[0.062s] DEBUG:colcon:Command line arguments: ['/usr/bin/colcon', 'build']
[0.062s] DEBUG:colcon:Parsed command line arguments: Namespace(log_base=None, log_level=None, verb_name='build', build_base='build', install_base='install', merge_install=False, symlink_install=False, test_result_base=None, continue_on_error=False, executor='parallel', parallel_workers=16, event_handlers=None, ignore_user_meta=False, metas=['./colcon.meta'], base_paths=['.'], packages_ignore=None, packages_ignore_regex=None, paths=None, packages_up_to=None, packages_up_to_regex=None, packages_above=None, packages_above_and_dependencies=None, packages_above_depth=None, packages_select_by_dep=None, packages_skip_by_dep=None, packages_skip_up_to=None, packages_select_build_failed=False, packages_skip_build_finished=False, packages_select_test_failures=False, packages_skip_test_passed=False, packages_select=None, packages_skip=None, packages_select_regex=None, packages_skip_regex=None, packages_start=None, packages_end=None, allow_overriding=[], cmake_args=None, cmake_target=None, cmake_target_skip_unavailable=False, cmake_clean_cache=False, cmake_clean_first=False, cmake_force_configure=False, ament_cmake_args=None, catkin_cmake_args=None, catkin_skip_building_tests=False, mixin_files=None, mixin=None, verb_parser=<colcon_mixin.mixin.mixin_argument.MixinArgumentDecorator object at 0x7476ffbc8c70>, verb_extension=<colcon_core.verb.build.BuildVerb object at 0x7476ffcddc90>, main=<bound method BuildVerb.main of <colcon_core.verb.build.BuildVerb object at 0x7476ffcddc90>>, mixin_verb=('build',))
[0.176s] Level 1:colcon.colcon_core.package_discovery:discover_packages(colcon_meta) check parameters
[0.177s] Level 1:colcon.colcon_core.package_discovery:discover_packages(recursive) check parameters
[0.177s] Level 1:colcon.colcon_core.package_discovery:discover_packages(ignore) check parameters
[0.177s] Level 1:colcon.colcon_core.package_discovery:discover_packages(path) check parameters
[0.177s] Level 1:colcon.colcon_core.package_discovery:discover_packages(colcon_meta) discover
[0.177s] Level 1:colcon.colcon_core.package_discovery:discover_packages(recursive) discover
[0.177s] INFO:colcon.colcon_core.package_discovery:Crawling recursively for packages in '/home/ole/Documents/Vortex/ros2_ws/src/valve-detection'
[0.177s] Level 1:colcon.colcon_core.package_identification:_identify(.) by extensions ['ignore', 'ignore_ament_install']
[0.177s] Level 1:colcon.colcon_core.package_identification:_identify(.) by extension 'ignore'
[0.177s] Level 1:colcon.colcon_core.package_identification:_identify(.) by extension 'ignore_ament_install'
[0.177s] Level 1:colcon.colcon_core.package_identification:_identify(.) by extensions ['colcon_pkg']
[0.177s] Level 1:colcon.colcon_core.package_identification:_identify(.) by extension 'colcon_pkg'
[0.177s] Level 1:colcon.colcon_core.package_identification:_identify(.) by extensions ['colcon_meta']
[0.177s] Level 1:colcon.colcon_core.package_identification:_identify(.) by extension 'colcon_meta'
[0.177s] Level 1:colcon.colcon_core.package_identification:_identify(.) by extensions ['ros']
[0.177s] Level 1:colcon.colcon_core.package_identification:_identify(.) by extension 'ros'
[0.192s] DEBUG:colcon.colcon_core.package_identification:Package '.' with type 'ros.ament_cmake' and name 'valve_detection'
[0.192s] Level 1:colcon.colcon_core.package_discovery:discover_packages(recursive) using defaults
[0.192s] Level 1:colcon.colcon_core.package_discovery:discover_packages(ignore) discover
[0.192s] Level 1:colcon.colcon_core.package_discovery:discover_packages(ignore) using defaults
[0.192s] Level 1:colcon.colcon_core.package_discovery:discover_packages(path) discover
[0.192s] Level 1:colcon.colcon_core.package_discovery:discover_packages(path) using defaults
[0.203s] Level 1:colcon.colcon_core.package_discovery:discover_packages(prefix_path) check parameters
[0.203s] Level 1:colcon.colcon_core.package_discovery:discover_packages(prefix_path) discover
[0.204s] DEBUG:colcon.colcon_installed_package_information.package_discovery:Found 296 installed packages in /opt/ros/humble
[0.205s] Level 1:colcon.colcon_core.package_discovery:discover_packages(prefix_path) using defaults
[0.224s] Level 5:colcon.colcon_core.verb:set package 'valve_detection' build argument 'cmake_args' from command line to 'None'
[0.224s] Level 5:colcon.colcon_core.verb:set package 'valve_detection' build argument 'cmake_target' from command line to 'None'
[0.224s] Level 5:colcon.colcon_core.verb:set package 'valve_detection' build argument 'cmake_target_skip_unavailable' from command line to 'False'
[0.224s] Level 5:colcon.colcon_core.verb:set package 'valve_detection' build argument 'cmake_clean_cache' from command line to 'False'
[0.224s] Level 5:colcon.colcon_core.verb:set package 'valve_detection' build argument 'cmake_clean_first' from command line to 'False'
[0.224s] Level 5:colcon.colcon_core.verb:set package 'valve_detection' build argument 'cmake_force_configure' from command line to 'False'
[0.224s] Level 5:colcon.colcon_core.verb:set package 'valve_detection' build argument 'ament_cmake_args' from command line to 'None'
[0.224s] Level 5:colcon.colcon_core.verb:set package 'valve_detection' build argument 'catkin_cmake_args' from command line to 'None'
[0.224s] Level 5:colcon.colcon_core.verb:set package 'valve_detection' build argument 'catkin_skip_building_tests' from command line to 'False'
[0.224s] DEBUG:colcon.colcon_core.verb:Building package 'valve_detection' with the following arguments: {'ament_cmake_args': None, 'build_base': '/home/ole/Documents/Vortex/ros2_ws/src/valve-detection/build/valve_detection', 'catkin_cmake_args': None, 'catkin_skip_building_tests': False, 'cmake_args': None, 'cmake_clean_cache': False, 'cmake_clean_first': False, 'cmake_force_configure': False, 'cmake_target': None, 'cmake_target_skip_unavailable': False, 'install_base': '/home/ole/Documents/Vortex/ros2_ws/src/valve-detection/install/valve_detection', 'merge_install': False, 'path': '/home/ole/Documents/Vortex/ros2_ws/src/valve-detection', 'symlink_install': False, 'test_result_base': None}
[0.224s] INFO:colcon.colcon_core.executor:Executing jobs using 'parallel' executor
[0.225s] DEBUG:colcon.colcon_parallel_executor.executor.parallel:run_until_complete
[0.225s] INFO:colcon.colcon_ros.task.ament_cmake.build:Building ROS package in '/home/ole/Documents/Vortex/ros2_ws/src/valve-detection' with build type 'ament_cmake'
[0.225s] INFO:colcon.colcon_cmake.task.cmake.build:Building CMake package in '/home/ole/Documents/Vortex/ros2_ws/src/valve-detection'
[0.226s] INFO:colcon.colcon_core.plugin_system:Skipping extension 'colcon_core.shell.bat': Not used on non-Windows systems
[0.226s] INFO:colcon.colcon_core.shell:Skip shell extension 'powershell' for command environment: Not usable outside of PowerShell
[0.226s] DEBUG:colcon.colcon_core.shell:Skip shell extension 'dsv' for command environment
[0.232s] DEBUG:colcon.colcon_core.event_handler.log_command:Invoking command in '/home/ole/Documents/Vortex/ros2_ws/src/valve-detection/build/valve_detection': CMAKE_PREFIX_PATH=/opt/ros/humble /usr/bin/cmake /home/ole/Documents/Vortex/ros2_ws/src/valve-detection -DCMAKE_INSTALL_PREFIX=/home/ole/Documents/Vortex/ros2_ws/src/valve-detection/install/valve_detection
[1.399s] DEBUG:colcon.colcon_core.event_handler.log_command:Invoked command in '/home/ole/Documents/Vortex/ros2_ws/src/valve-detection/build/valve_detection' returned '0': CMAKE_PREFIX_PATH=/opt/ros/humble /usr/bin/cmake /home/ole/Documents/Vortex/ros2_ws/src/valve-detection -DCMAKE_INSTALL_PREFIX=/home/ole/Documents/Vortex/ros2_ws/src/valve-detection/install/valve_detection
[1.400s] DEBUG:colcon.colcon_core.event_handler.log_command:Invoking command in '/home/ole/Documents/Vortex/ros2_ws/src/valve-detection/build/valve_detection': CMAKE_PREFIX_PATH=/opt/ros/humble /usr/bin/cmake --build /home/ole/Documents/Vortex/ros2_ws/src/valve-detection/build/valve_detection -- -j16 -l16
[6.363s] Level 1:colcon.colcon_core.environment:create_environment_scripts_only(valve_detection)
[6.364s] DEBUG:colcon.colcon_core.event_handler.log_command:Invoked command in '/home/ole/Documents/Vortex/ros2_ws/src/valve-detection/build/valve_detection' returned '2': CMAKE_PREFIX_PATH=/opt/ros/humble /usr/bin/cmake --build /home/ole/Documents/Vortex/ros2_ws/src/valve-detection/build/valve_detection -- -j16 -l16
[6.364s] Level 1:colcon.colcon_core.environment:checking '/home/ole/Documents/Vortex/ros2_ws/src/valve-detection/install/valve_detection' for CMake module files
[6.365s] Level 1:colcon.colcon_core.environment:checking '/home/ole/Documents/Vortex/ros2_ws/src/valve-detection/install/valve_detection' for CMake config files
[6.365s] Level 1:colcon.colcon_core.environment:checking '/home/ole/Documents/Vortex/ros2_ws/src/valve-detection/install/valve_detection/bin'
[6.365s] Level 1:colcon.colcon_core.environment:checking '/home/ole/Documents/Vortex/ros2_ws/src/valve-detection/install/valve_detection/lib/pkgconfig/valve_detection.pc'
[6.365s] Level 1:colcon.colcon_core.environment:checking '/home/ole/Documents/Vortex/ros2_ws/src/valve-detection/install/valve_detection/lib/python3.10/site-packages'
[6.365s] Level 1:colcon.colcon_core.environment:checking '/home/ole/Documents/Vortex/ros2_ws/src/valve-detection/install/valve_detection/bin'
[6.365s] INFO:colcon.colcon_core.shell:Creating package script '/home/ole/Documents/Vortex/ros2_ws/src/valve-detection/install/valve_detection/share/valve_detection/package.ps1'
[6.366s] INFO:colcon.colcon_core.shell:Creating package descriptor '/home/ole/Documents/Vortex/ros2_ws/src/valve-detection/install/valve_detection/share/valve_detection/package.dsv'
[6.366s] INFO:colcon.colcon_core.shell:Creating package script '/home/ole/Documents/Vortex/ros2_ws/src/valve-detection/install/valve_detection/share/valve_detection/package.sh'
[6.367s] INFO:colcon.colcon_core.shell:Creating package script '/home/ole/Documents/Vortex/ros2_ws/src/valve-detection/install/valve_detection/share/valve_detection/package.bash'
[6.367s] INFO:colcon.colcon_core.shell:Creating package script '/home/ole/Documents/Vortex/ros2_ws/src/valve-detection/install/valve_detection/share/valve_detection/package.zsh'
[6.367s] Level 1:colcon.colcon_core.environment:create_file_with_runtime_dependencies(/home/ole/Documents/Vortex/ros2_ws/src/valve-detection/install/valve_detection/share/colcon-core/packages/valve_detection)
[6.378s] DEBUG:colcon.colcon_parallel_executor.executor.parallel:closing loop
[6.378s] DEBUG:colcon.colcon_parallel_executor.executor.parallel:loop closed
[6.378s] DEBUG:colcon.colcon_parallel_executor.executor.parallel:run_until_complete finished with '2'
[6.378s] DEBUG:colcon.colcon_core.event_reactor:joining thread
[6.381s] INFO:colcon.colcon_core.plugin_system:Skipping extension 'colcon_notification.desktop_notification.notify_send': Could not find 'notify-send'
[6.381s] INFO:colcon.colcon_core.plugin_system:Skipping extension 'colcon_notification.desktop_notification.terminal_notifier': Not used on non-Darwin systems
[6.381s] INFO:colcon.colcon_core.plugin_system:Skipping extension 'colcon_notification.desktop_notification.win32': Not used on non-Windows systems
[6.381s] INFO:colcon.colcon_notification.desktop_notification:Sending desktop notification using 'notify2'
[6.394s] DEBUG:colcon.colcon_core.event_reactor:joined thread
[6.394s] INFO:colcon.colcon_core.shell:Creating prefix script '/home/ole/Documents/Vortex/ros2_ws/src/valve-detection/install/local_setup.ps1'
[6.394s] INFO:colcon.colcon_core.shell:Creating prefix util module '/home/ole/Documents/Vortex/ros2_ws/src/valve-detection/install/_local_setup_util_ps1.py'
[6.395s] INFO:colcon.colcon_core.shell:Creating prefix chain script '/home/ole/Documents/Vortex/ros2_ws/src/valve-detection/install/setup.ps1'
[6.396s] INFO:colcon.colcon_core.shell:Creating prefix script '/home/ole/Documents/Vortex/ros2_ws/src/valve-detection/install/local_setup.sh'
[6.396s] INFO:colcon.colcon_core.shell:Creating prefix util module '/home/ole/Documents/Vortex/ros2_ws/src/valve-detection/install/_local_setup_util_sh.py'
[6.396s] INFO:colcon.colcon_core.shell:Creating prefix chain script '/home/ole/Documents/Vortex/ros2_ws/src/valve-detection/install/setup.sh'
[6.397s] INFO:colcon.colcon_core.shell:Creating prefix script '/home/ole/Documents/Vortex/ros2_ws/src/valve-detection/install/local_setup.bash'
[6.397s] INFO:colcon.colcon_core.shell:Creating prefix chain script '/home/ole/Documents/Vortex/ros2_ws/src/valve-detection/install/setup.bash'
[6.398s] INFO:colcon.colcon_core.shell:Creating prefix script '/home/ole/Documents/Vortex/ros2_ws/src/valve-detection/install/local_setup.zsh'
[6.398s] INFO:colcon.colcon_core.shell:Creating prefix chain script '/home/ole/Documents/Vortex/ros2_ws/src/valve-detection/install/setup.zsh'
