[0.067s] DEBUG:colcon:Command line arguments: ['/usr/bin/colcon', 'build']
[0.067s] DEBUG:colcon:Parsed command line arguments: Namespace(log_base=None, log_level=None, verb_name='build', build_base='build', install_base='install', merge_install=False, symlink_install=False, test_result_base=None, continue_on_error=False, executor='parallel', parallel_workers=16, event_handlers=None, ignore_user_meta=False, metas=['./colcon.meta'], base_paths=['.'], packages_ignore=None, packages_ignore_regex=None, paths=None, packages_up_to=None, packages_up_to_regex=None, packages_above=None, packages_above_and_dependencies=None, packages_above_depth=None, packages_select_by_dep=None, packages_skip_by_dep=None, packages_skip_up_to=None, packages_select_build_failed=False, packages_skip_build_finished=False, packages_select_test_failures=False, packages_skip_test_passed=False, packages_select=None, packages_skip=None, packages_select_regex=None, packages_skip_regex=None, packages_start=None, packages_end=None, allow_overriding=[], cmake_args=None, cmake_target=None, cmake_target_skip_unavailable=False, cmake_clean_cache=False, cmake_clean_first=False, cmake_force_configure=False, ament_cmake_args=None, catkin_cmake_args=None, catkin_skip_building_tests=False, mixin_files=None, mixin=None, verb_parser=<colcon_mixin.mixin.mixin_argument.MixinArgumentDecorator object at 0x78c6d30dcc70>, verb_extension=<colcon_core.verb.build.BuildVerb object at 0x78c6d31e9c90>, main=<bound method BuildVerb.main of <colcon_core.verb.build.BuildVerb object at 0x78c6d31e9c90>>, mixin_verb=('build',))
[0.190s] Level 1:colcon.colcon_core.package_discovery:discover_packages(colcon_meta) check parameters
[0.190s] Level 1:colcon.colcon_core.package_discovery:discover_packages(recursive) check parameters
[0.190s] Level 1:colcon.colcon_core.package_discovery:discover_packages(ignore) check parameters
[0.190s] Level 1:colcon.colcon_core.package_discovery:discover_packages(path) check parameters
[0.190s] Level 1:colcon.colcon_core.package_discovery:discover_packages(colcon_meta) discover
[0.190s] Level 1:colcon.colcon_core.package_discovery:discover_packages(recursive) discover
[0.190s] INFO:colcon.colcon_core.package_discovery:Crawling recursively for packages in '/home/ole/Documents/Vortex/ros2_ws/src/valve-detection'
[0.190s] Level 1:colcon.colcon_core.package_identification:_identify(.) by extensions ['ignore', 'ignore_ament_install']
[0.190s] Level 1:colcon.colcon_core.package_identification:_identify(.) by extension 'ignore'
[0.190s] Level 1:colcon.colcon_core.package_identification:_identify(.) by extension 'ignore_ament_install'
[0.190s] Level 1:colcon.colcon_core.package_identification:_identify(.) by extensions ['colcon_pkg']
[0.190s] Level 1:colcon.colcon_core.package_identification:_identify(.) by extension 'colcon_pkg'
[0.190s] Level 1:colcon.colcon_core.package_identification:_identify(.) by extensions ['colcon_meta']
[0.190s] Level 1:colcon.colcon_core.package_identification:_identify(.) by extension 'colcon_meta'
[0.190s] Level 1:colcon.colcon_core.package_identification:_identify(.) by extensions ['ros']
[0.190s] Level 1:colcon.colcon_core.package_identification:_identify(.) by extension 'ros'
[0.206s] DEBUG:colcon.colcon_core.package_identification:Package '.' with type 'ros.ament_cmake' and name 'valve_detection'
[0.206s] Level 1:colcon.colcon_core.package_discovery:discover_packages(recursive) using defaults
[0.206s] Level 1:colcon.colcon_core.package_discovery:discover_packages(ignore) discover
[0.206s] Level 1:colcon.colcon_core.package_discovery:discover_packages(ignore) using defaults
[0.206s] Level 1:colcon.colcon_core.package_discovery:discover_packages(path) discover
[0.206s] Level 1:colcon.colcon_core.package_discovery:discover_packages(path) using defaults
[0.217s] Level 1:colcon.colcon_core.package_discovery:discover_packages(prefix_path) check parameters
[0.217s] Level 1:colcon.colcon_core.package_discovery:discover_packages(prefix_path) discover
[0.219s] DEBUG:colcon.colcon_installed_package_information.package_discovery:Found 296 installed packages in /opt/ros/humble
[0.220s] Level 1:colcon.colcon_core.package_discovery:discover_packages(prefix_path) using defaults
[0.240s] Level 5:colcon.colcon_core.verb:set package 'valve_detection' build argument 'cmake_args' from command line to 'None'
[0.240s] Level 5:colcon.colcon_core.verb:set package 'valve_detection' build argument 'cmake_target' from command line to 'None'
[0.240s] Level 5:colcon.colcon_core.verb:set package 'valve_detection' build argument 'cmake_target_skip_unavailable' from command line to 'False'
[0.240s] Level 5:colcon.colcon_core.verb:set package 'valve_detection' build argument 'cmake_clean_cache' from command line to 'False'
[0.240s] Level 5:colcon.colcon_core.verb:set package 'valve_detection' build argument 'cmake_clean_first' from command line to 'False'
[0.240s] Level 5:colcon.colcon_core.verb:set package 'valve_detection' build argument 'cmake_force_configure' from command line to 'False'
[0.240s] Level 5:colcon.colcon_core.verb:set package 'valve_detection' build argument 'ament_cmake_args' from command line to 'None'
[0.240s] Level 5:colcon.colcon_core.verb:set package 'valve_detection' build argument 'catkin_cmake_args' from command line to 'None'
[0.240s] Level 5:colcon.colcon_core.verb:set package 'valve_detection' build argument 'catkin_skip_building_tests' from command line to 'False'
[0.240s] DEBUG:colcon.colcon_core.verb:Building package 'valve_detection' with the following arguments: {'ament_cmake_args': None, 'build_base': '/home/ole/Documents/Vortex/ros2_ws/src/valve-detection/build/valve_detection', 'catkin_cmake_args': None, 'catkin_skip_building_tests': False, 'cmake_args': None, 'cmake_clean_cache': False, 'cmake_clean_first': False, 'cmake_force_configure': False, 'cmake_target': None, 'cmake_target_skip_unavailable': False, 'install_base': '/home/ole/Documents/Vortex/ros2_ws/src/valve-detection/install/valve_detection', 'merge_install': False, 'path': '/home/ole/Documents/Vortex/ros2_ws/src/valve-detection', 'symlink_install': False, 'test_result_base': None}
[0.240s] INFO:colcon.colcon_core.executor:Executing jobs using 'parallel' executor
[0.241s] DEBUG:colcon.colcon_parallel_executor.executor.parallel:run_until_complete
[0.241s] INFO:colcon.colcon_ros.task.ament_cmake.build:Building ROS package in '/home/ole/Documents/Vortex/ros2_ws/src/valve-detection' with build type 'ament_cmake'
[0.241s] INFO:colcon.colcon_cmake.task.cmake.build:Building CMake package in '/home/ole/Documents/Vortex/ros2_ws/src/valve-detection'
[0.243s] INFO:colcon.colcon_core.plugin_system:Skipping extension 'colcon_core.shell.bat': Not used on non-Windows systems
[0.243s] INFO:colcon.colcon_core.shell:Skip shell extension 'powershell' for command environment: Not usable outside of PowerShell
[0.243s] DEBUG:colcon.colcon_core.shell:Skip shell extension 'dsv' for command environment
[0.248s] DEBUG:colcon.colcon_core.event_handler.log_command:Invoking command in '/home/ole/Documents/Vortex/ros2_ws/src/valve-detection/build/valve_detection': CMAKE_PREFIX_PATH=/opt/ros/humble /usr/bin/cmake /home/ole/Documents/Vortex/ros2_ws/src/valve-detection -DCMAKE_INSTALL_PREFIX=/home/ole/Documents/Vortex/ros2_ws/src/valve-detection/install/valve_detection
[1.367s] DEBUG:colcon.colcon_core.event_handler.log_command:Invoked command in '/home/ole/Documents/Vortex/ros2_ws/src/valve-detection/build/valve_detection' returned '1': CMAKE_PREFIX_PATH=/opt/ros/humble /usr/bin/cmake /home/ole/Documents/Vortex/ros2_ws/src/valve-detection -DCMAKE_INSTALL_PREFIX=/home/ole/Documents/Vortex/ros2_ws/src/valve-detection/install/valve_detection
[1.379s] Level 1:colcon.colcon_core.environment:create_environment_scripts_only(valve_detection)
[1.380s] Level 1:colcon.colcon_core.environment:checking '/home/ole/Documents/Vortex/ros2_ws/src/valve-detection/install/valve_detection' for CMake module files
[1.380s] Level 1:colcon.colcon_core.environment:checking '/home/ole/Documents/Vortex/ros2_ws/src/valve-detection/install/valve_detection' for CMake config files
[1.380s] Level 1:colcon.colcon_core.environment:checking '/home/ole/Documents/Vortex/ros2_ws/src/valve-detection/install/valve_detection/bin'
[1.380s] Level 1:colcon.colcon_core.environment:checking '/home/ole/Documents/Vortex/ros2_ws/src/valve-detection/install/valve_detection/lib/pkgconfig/valve_detection.pc'
[1.380s] Level 1:colcon.colcon_core.environment:checking '/home/ole/Documents/Vortex/ros2_ws/src/valve-detection/install/valve_detection/lib/python3.10/site-packages'
[1.381s] Level 1:colcon.colcon_core.environment:checking '/home/ole/Documents/Vortex/ros2_ws/src/valve-detection/install/valve_detection/bin'
[1.381s] INFO:colcon.colcon_core.shell:Creating package script '/home/ole/Documents/Vortex/ros2_ws/src/valve-detection/install/valve_detection/share/valve_detection/package.ps1'
[1.381s] INFO:colcon.colcon_core.shell:Creating package descriptor '/home/ole/Documents/Vortex/ros2_ws/src/valve-detection/install/valve_detection/share/valve_detection/package.dsv'
[1.381s] INFO:colcon.colcon_core.shell:Creating package script '/home/ole/Documents/Vortex/ros2_ws/src/valve-detection/install/valve_detection/share/valve_detection/package.sh'
[1.382s] INFO:colcon.colcon_core.shell:Creating package script '/home/ole/Documents/Vortex/ros2_ws/src/valve-detection/install/valve_detection/share/valve_detection/package.bash'
[1.382s] INFO:colcon.colcon_core.shell:Creating package script '/home/ole/Documents/Vortex/ros2_ws/src/valve-detection/install/valve_detection/share/valve_detection/package.zsh'
[1.382s] Level 1:colcon.colcon_core.environment:create_file_with_runtime_dependencies(/home/ole/Documents/Vortex/ros2_ws/src/valve-detection/install/valve_detection/share/colcon-core/packages/valve_detection)
[1.393s] DEBUG:colcon.colcon_parallel_executor.executor.parallel:closing loop
[1.393s] DEBUG:colcon.colcon_parallel_executor.executor.parallel:loop closed
[1.393s] DEBUG:colcon.colcon_parallel_executor.executor.parallel:run_until_complete finished with '1'
[1.393s] DEBUG:colcon.colcon_core.event_reactor:joining thread
[1.401s] INFO:colcon.colcon_core.plugin_system:Skipping extension 'colcon_notification.desktop_notification.notify_send': Could not find 'notify-send'
[1.401s] INFO:colcon.colcon_core.plugin_system:Skipping extension 'colcon_notification.desktop_notification.terminal_notifier': Not used on non-Darwin systems
[1.402s] INFO:colcon.colcon_core.plugin_system:Skipping extension 'colcon_notification.desktop_notification.win32': Not used on non-Windows systems
[1.402s] INFO:colcon.colcon_notification.desktop_notification:Sending desktop notification using 'notify2'
[1.413s] DEBUG:colcon.colcon_core.event_reactor:joined thread
[1.413s] INFO:colcon.colcon_core.shell:Creating prefix script '/home/ole/Documents/Vortex/ros2_ws/src/valve-detection/install/local_setup.ps1'
[1.414s] INFO:colcon.colcon_core.shell:Creating prefix util module '/home/ole/Documents/Vortex/ros2_ws/src/valve-detection/install/_local_setup_util_ps1.py'
[1.416s] INFO:colcon.colcon_core.shell:Creating prefix chain script '/home/ole/Documents/Vortex/ros2_ws/src/valve-detection/install/setup.ps1'
[1.416s] INFO:colcon.colcon_core.shell:Creating prefix script '/home/ole/Documents/Vortex/ros2_ws/src/valve-detection/install/local_setup.sh'
[1.417s] INFO:colcon.colcon_core.shell:Creating prefix util module '/home/ole/Documents/Vortex/ros2_ws/src/valve-detection/install/_local_setup_util_sh.py'
[1.417s] INFO:colcon.colcon_core.shell:Creating prefix chain script '/home/ole/Documents/Vortex/ros2_ws/src/valve-detection/install/setup.sh'
[1.418s] INFO:colcon.colcon_core.shell:Creating prefix script '/home/ole/Documents/Vortex/ros2_ws/src/valve-detection/install/local_setup.bash'
[1.418s] INFO:colcon.colcon_core.shell:Creating prefix chain script '/home/ole/Documents/Vortex/ros2_ws/src/valve-detection/install/setup.bash'
[1.419s] INFO:colcon.colcon_core.shell:Creating prefix script '/home/ole/Documents/Vortex/ros2_ws/src/valve-detection/install/local_setup.zsh'
[1.420s] INFO:colcon.colcon_core.shell:Creating prefix chain script '/home/ole/Documents/Vortex/ros2_ws/src/valve-detection/install/setup.zsh'
